<?xml version="1.0" encoding="UTF-8"?>
<testsuite xmlns:xsi="http://www.w3.org/2001/XMLSchema-instance" xsi:noNamespaceSchemaLocation="https://maven.apache.org/surefire/maven-surefire-plugin/xsd/surefire-test-report-3.0.xsd" version="3.0" name="com.saucedemo.RunCucumberTest" time="5.363" tests="2" errors="0" skipped="0" failures="0">
  <properties>
[...]
</properties>
  <testcase name="Ingreso exitoso con credenciales válidas" classname="Login de usuario en SauceDemo" time="3.327">
    <system-out><![CDATA[
Scenario: Ingreso exitoso con credenciales válidas      &amp#27;[90m# src/test/resources/features/login.feature:10&amp#27;[0m
  &amp#27;[32mGiven &amp#27;[0m&amp#27;[32mque el usuario abre la página de SauceDemo&amp#27;[0m      &amp#27;[90m# com.saucedemo.stepdefinitions.LoginStepDefinitions.que_el_usuario_abre_la_pagina_de_saucedemo()&amp#27;[0m
  &amp#27;[32mWhen &amp#27;[0m&amp#27;[32mingresa su usuario &amp#27;[0m&amp#27;[32m&amp#27;[1m"standard_user"&amp#27;[0m               &amp#27;[90m# com.saucedemo.stepdefinitions.LoginStepDefinitions.ingresa_su_usuario(java.lang.String)&amp#27;[0m
  &amp#27;[32mAnd &amp#27;[0m&amp#27;[32mingresa su contraseña &amp#27;[0m&amp#27;[32m&amp#27;[1m"secret_sauce"&amp#27;[0m              &amp#27;[90m# com.saucedemo.stepdefinitions.LoginStepDefinitions.ingresa_su_contraseña(java.lang.String)&amp#27;[0m
  &amp#27;[32mAnd &amp#27;[0m&amp#27;[32mpresiona el botón de login&amp#27;[0m                        &amp#27;[90m# com.saucedemo.stepdefinitions.LoginStepDefinitions.presiona_el_boton_de_login()&amp#27;[0m
  &amp#27;[32mThen &amp#27;[0m&amp#27;[32mdebería ver la página de inventario&amp#27;[0m              &amp#27;[90m# com.saucedemo.stepdefinitions.LoginStepDefinitions.deberia_ver_la_pagina_de_inventario()&amp#27;[0m
  &amp#27;[32mAnd &amp#27;[0m&amp#27;[32mlos productos deberían estar visibles en la lista&amp#27;[0m &amp#27;[90m# com.saucedemo.stepdefinitions.LoginStepDefinitions.los_productos_deberían_estar_visibles_en_la_lista()&amp#27;[0m
]]></system-out>
    <system-err><![CDATA[SLF4J: No SLF4J providers were found.
SLF4J: Defaulting to no-operation (NOP) logger implementation
SLF4J: See https://www.slf4j.org/codes.html#noProviders for further details.
nov. 11, 2025 12:55:32 P. M. org.openqa.selenium.devtools.CdpVersionFinder findNearestMatch
ADVERTENCIA: Unable to find CDP implementation matching 142
nov. 11, 2025 12:55:32 P. M. org.openqa.selenium.chromium.ChromiumDriver lambda$new$4
ADVERTENCIA: Unable to find version of CDP to use for 142.0.7444.135. You may need to include a dependency on a specific version of the CDP using something similar to `org.seleniumhq.selenium:selenium-devtools-v86:4.33.0` where the version ("v86") matches the version of the chromium-based browser you're using and the version number of the artifact is the same as Selenium's.
]]></system-err>
  </testcase>
  <testcase name="Intento fallido y reintento exitoso usando la Task Login" classname="Reintento de login usando Task" time="1.922">
    <system-out><![CDATA[
Scenario: Intento fallido y reintento exitoso usando la Task Login                                             &amp#27;[90m# src/test/resources/features/login_retry.feature:10&amp#27;[0m
  &amp#27;[32mGiven &amp#27;[0m&amp#27;[32mque el usuario abre la página de SauceDemo&amp#27;[0m                                                             &amp#27;[90m# com.saucedemo.stepdefinitions.LoginStepDefinitions.que_el_usuario_abre_la_pagina_de_saucedemo()&amp#27;[0m
  &amp#27;[32mWhen &amp#27;[0m&amp#27;[32mintenta iniciar sesión con usuario &amp#27;[0m&amp#27;[32m&amp#27;[1m"locked_out_user"&amp#27;[0m&amp#27;[32m y contraseña &amp#27;[0m&amp#27;[32m&amp#27;[1m"secret_sauce"&amp#27;[0m                        &amp#27;[90m# com.saucedemo.stepdefinitions.LoginStepDefinitions.intenta_iniciar_sesion_con_usuario_y_contraseña(java.lang.String,java.lang.String)&amp#27;[0m
  &amp#27;[32mThen &amp#27;[0m&amp#27;[32mdebería ver mensaje de error de login&amp#27;[0m                                                                   &amp#27;[90m# com.saucedemo.stepdefinitions.LoginStepDefinitions.deberia_ver_mensaje_de_error_de_login()&amp#27;[0m
  &amp#27;[32mWhen &amp#27;[0m&amp#27;[32mintenta iniciar sesión con usuario &amp#27;[0m&amp#27;[32m&amp#27;[1m"standard_user"&amp#27;[0m&amp#27;[32m y contraseña &amp#27;[0m&amp#27;[32m&amp#27;[1m"secret_sauce"&amp#27;[0m&amp#27;[32m usando la tarea de Login&amp#27;[0m &amp#27;[90m# com.saucedemo.stepdefinitions.LoginStepDefinitions.intenta_iniciar_sesion_con_usuario_y_contraseña_usando_la_tarea(java.lang.String,java.lang.String)&amp#27;[0m
  &amp#27;[32mThen &amp#27;[0m&amp#27;[32mdebería ver la página de inventario&amp#27;[0m                                                                     &amp#27;[90m# com.saucedemo.stepdefinitions.LoginStepDefinitions.deberia_ver_la_pagina_de_inventario()&amp#27;[0m
  &amp#27;[32mAnd &amp#27;[0m&amp#27;[32mlos productos deberían estar visibles en la lista&amp#27;[0m                                                        &amp#27;[90m# com.saucedemo.stepdefinitions.LoginStepDefinitions.los_productos_deberían_estar_visibles_en_la_lista()&amp#27;[0m
]]></system-out>
    <system-err><![CDATA[nov. 11, 2025 12:55:34 P. M. org.openqa.selenium.devtools.CdpVersionFinder findNearestMatch
ADVERTENCIA: Unable to find CDP implementation matching 142
nov. 11, 2025 12:55:34 P. M. org.openqa.selenium.chromium.ChromiumDriver lambda$new$4
ADVERTENCIA: Unable to find version of CDP to use for 142.0.7444.135. You may need to include a dependency on a specific version of the CDP using something similar to `org.seleniumhq.selenium:selenium-devtools-v86:4.33.0` where the version ("v86") matches the version of the chromium-based browser you're using and the version number of the artifact is the same as Selenium's.
]]></system-err>
  </testcase>
</testsuite>